<?xml version="1.0" encoding="UTF-8"?>
<!-- Generated by org.testng.reporters.JUnitXMLReporter -->
<testsuite hostname="INHYDSACHYADA1P" name="Default test" tests="6" failures="0" timestamp="28 Mar 2020 12:01:44 GMT" time="0.164" errors="0">
  <testcase name="printUnique" time="0.09" classname="Stream.Tutorial.StreamTestWithMap"/>
  <testcase name="streamCollect" time="0.013" classname="Stream.Tutorial.StreamTestWithMap"/>
  <testcase name="streamMapTest" time="0.003" classname="Stream.Tutorial.StreamTestWithMap"/>
  <testcase name="streamMapToUpperSorted" time="0.003" classname="Stream.Tutorial.StreamTestWithMap"/>
  <testcase name="streamMergeLists" time="0.003" classname="Stream.Tutorial.StreamTestWithMap"/>
  <testcase name="streamMergeMatchLists" time="0.007" classname="Stream.Tutorial.StreamTestWithMap"/>
</testsuite> <!-- Default test -->
