<?xml version="1.0" encoding="UTF-8"?>
<testng-results skipped="0" failed="0" total="6" passed="6">
  <reporter-output>
  </reporter-output>
  <suite name="Default suite" duration-ms="164" started-at="2020-03-28T12:01:44Z" finished-at="2020-03-28T12:01:44Z">
    <groups>
    </groups>
    <test name="Default test" duration-ms="164" started-at="2020-03-28T12:01:44Z" finished-at="2020-03-28T12:01:44Z">
      <class name="Stream.Tutorial.StreamTestWithMap">
        <test-method status="PASS" signature="printUnique()[pri:0, instance:Stream.Tutorial.StreamTestWithMap@6ea12c19]" name="printUnique" duration-ms="90" started-at="2020-03-28T17:31:44Z" finished-at="2020-03-28T17:31:44Z">
          <reporter-output>
          </reporter-output>
        </test-method> <!-- printUnique -->
        <test-method status="PASS" signature="streamCollect()[pri:0, instance:Stream.Tutorial.StreamTestWithMap@6ea12c19]" name="streamCollect" duration-ms="13" started-at="2020-03-28T17:31:44Z" finished-at="2020-03-28T17:31:44Z">
          <reporter-output>
          </reporter-output>
        </test-method> <!-- streamCollect -->
        <test-method status="PASS" signature="streamMapTest()[pri:0, instance:Stream.Tutorial.StreamTestWithMap@6ea12c19]" name="streamMapTest" duration-ms="3" started-at="2020-03-28T17:31:44Z" finished-at="2020-03-28T17:31:44Z">
          <reporter-output>
          </reporter-output>
        </test-method> <!-- streamMapTest -->
        <test-method status="PASS" signature="streamMapToUpperSorted()[pri:0, instance:Stream.Tutorial.StreamTestWithMap@6ea12c19]" name="streamMapToUpperSorted" duration-ms="3" started-at="2020-03-28T17:31:44Z" finished-at="2020-03-28T17:31:44Z">
          <reporter-output>
          </reporter-output>
        </test-method> <!-- streamMapToUpperSorted -->
        <test-method status="PASS" signature="streamMergeLists()[pri:0, instance:Stream.Tutorial.StreamTestWithMap@6ea12c19]" name="streamMergeLists" duration-ms="3" started-at="2020-03-28T17:31:44Z" finished-at="2020-03-28T17:31:44Z">
          <reporter-output>
          </reporter-output>
        </test-method> <!-- streamMergeLists -->
        <test-method status="PASS" signature="streamMergeMatchLists()[pri:0, instance:Stream.Tutorial.StreamTestWithMap@6ea12c19]" name="streamMergeMatchLists" duration-ms="7" started-at="2020-03-28T17:31:44Z" finished-at="2020-03-28T17:31:44Z">
          <reporter-output>
          </reporter-output>
        </test-method> <!-- streamMergeMatchLists -->
      </class> <!-- Stream.Tutorial.StreamTestWithMap -->
    </test> <!-- Default test -->
  </suite> <!-- Default suite -->
</testng-results>
